# JRE version: OpenJDK Runtime Environment (8.0_181-b13) (build 1.8.0_181-b13)
# Java VM: OpenJDK 64-Bit Server VM (25.181-b13 mixed mode linux-amd64 compressed oops)
Heap:
 PSYoungGen      total 259584K, used 169304K [0x00000000eab00000, 0x00000000ff580000, 0x0000000100000000)
  eden space 196096K, 71% used [0x00000000eab00000,0x00000000f345a408,0x00000000f6a80000)
  from space 63488K, 45% used [0x00000000fb780000,0x00000000fd37bdb8,0x00000000ff580000)
  to   space 71168K, 0% used [0x00000000f6a80000,0x00000000f6a80000,0x00000000fb000000)
 ParOldGen       total 369664K, used 133101K [0x00000000c0000000, 0x00000000d6900000, 0x00000000eab00000)
  object space 369664K, 36% used [0x00000000c0000000,0x00000000c81fb538,0x00000000d6900000)
 Metaspace       used 81584K, capacity 87168K, committed 87384K, reserved 1126400K
  class space    used 9589K, capacity 11274K, committed 11392K, reserved 1048576K
GC Heap History (10 events):
Event: 78,030 GC heap before
{Heap before GC invocations=42 (full 3):
 PSYoungGen      total 295936K, used 295905K [0x00000000eab00000, 0x0000000100000000, 0x0000000100000000)
  eden space 259072K, 100% used [0x00000000eab00000,0x00000000fa800000,0x00000000fa800000)
  from space 36864K, 99% used [0x00000000fd580000,0x00000000ff978600,0x00000000ff980000)
  to   space 45056K, 0% used [0x00000000fa800000,0x00000000fa800000,0x00000000fd400000)
 ParOldGen       total 226304K, used 160376K [0x00000000c0000000, 0x00000000cdd00000, 0x00000000eab00000)
  object space 226304K, 70% used [0x00000000c0000000,0x00000000c9c9e1b8,0x00000000cdd00000)
 Metaspace       used 81121K, capacity 86688K, committed 87000K, reserved 1124352K
  class space    used 9560K, capacity 11242K, committed 11264K, reserved 1048576K
Event: 78,088 GC heap after
Heap after GC invocations=42 (full 3):
 PSYoungGen      total 304128K, used 45034K [0x00000000eab00000, 0x0000000100000000, 0x0000000100000000)
  eden space 259072K, 0% used [0x00000000eab00000,0x00000000eab00000,0x00000000fa800000)
  from space 45056K, 99% used [0x00000000fa800000,0x00000000fd3fa850,0x00000000fd400000)
  to   space 45056K, 0% used [0x00000000fd400000,0x00000000fd400000,0x0000000100000000)
 ParOldGen       total 226304K, used 172340K [0x00000000c0000000, 0x00000000cdd00000, 0x00000000eab00000)
  object space 226304K, 76% used [0x00000000c0000000,0x00000000ca84d048,0x00000000cdd00000)
 Metaspace       used 81121K, capacity 86688K, committed 87000K, reserved 1124352K
  class space    used 9560K, capacity 11242K, committed 11264K, reserved 1048576K
}
Event: 80,456 GC heap before
{Heap before GC invocations=43 (full 3):
 PSYoungGen      total 304128K, used 304106K [0x00000000eab00000, 0x0000000100000000, 0x0000000100000000)
  eden space 259072K, 100% used [0x00000000eab00000,0x00000000fa800000,0x00000000fa800000)
  from space 45056K, 99% used [0x00000000fa800000,0x00000000fd3fa850,0x00000000fd400000)
  to   space 45056K, 0% used [0x00000000fd400000,0x00000000fd400000,0x0000000100000000)
 ParOldGen       total 226304K, used 172340K [0x00000000c0000000, 0x00000000cdd00000, 0x00000000eab00000)
  object space 226304K, 76% used [0x00000000c0000000,0x00000000ca84d048,0x00000000cdd00000)
 Metaspace       used 81365K, capacity 87040K, committed 87384K, reserved 1126400K
  class space    used 9580K, capacity 11274K, committed 11392K, reserved 1048576K
Event: 80,572 GC heap after
Heap after GC invocations=43 (full 3):
 PSYoungGen      total 236544K, used 45037K [0x00000000eab00000, 0x0000000100000000, 0x0000000100000000)
  eden space 191488K, 0% used [0x00000000eab00000,0x00000000eab00000,0x00000000f6600000)
  from space 45056K, 99% used [0x00000000fd400000,0x00000000ffffb6a8,0x0000000100000000)
  to   space 78848K, 0% used [0x00000000f6600000,0x00000000f6600000,0x00000000fb300000)
 ParOldGen       total 226304K, used 212433K [0x00000000c0000000, 0x00000000cdd00000, 0x00000000eab00000)
  object space 226304K, 93% used [0x00000000c0000000,0x00000000ccf74570,0x00000000cdd00000)
 Metaspace       used 81365K, capacity 87040K, committed 87384K, reserved 1126400K
  class space    used 9580K, capacity 11274K, committed 11392K, reserved 1048576K
}
Event: 80,572 GC heap before
{Heap before GC invocations=44 (full 4):
 PSYoungGen      total 236544K, used 45037K [0x00000000eab00000, 0x0000000100000000, 0x0000000100000000)
  eden space 191488K, 0% used [0x00000000eab00000,0x00000000eab00000,0x00000000f6600000)
  from space 45056K, 99% used [0x00000000fd400000,0x00000000ffffb6a8,0x0000000100000000)
  to   space 78848K, 0% used [0x00000000f6600000,0x00000000f6600000,0x00000000fb300000)
 ParOldGen       total 226304K, used 212433K [0x00000000c0000000, 0x00000000cdd00000, 0x00000000eab00000)
  object space 226304K, 93% used [0x00000000c0000000,0x00000000ccf74570,0x00000000cdd00000)
 Metaspace       used 81365K, capacity 87040K, committed 87384K, reserved 1126400K
  class space    used 9580K, capacity 11274K, committed 11392K, reserved 1048576K
Event: 80,844 GC heap after
Heap after GC invocations=44 (full 4):
 PSYoungGen      total 236544K, used 0K [0x00000000eab00000, 0x0000000100000000, 0x0000000100000000)
  eden space 191488K, 0% used [0x00000000eab00000,0x00000000eab00000,0x00000000f6600000)
  from space 45056K, 0% used [0x00000000fd400000,0x00000000fd400000,0x0000000100000000)
  to   space 78848K, 0% used [0x00000000f6600000,0x00000000f6600000,0x00000000fb300000)
 ParOldGen       total 369664K, used 133093K [0x00000000c0000000, 0x00000000d6900000, 0x00000000eab00000)
  object space 369664K, 36% used [0x00000000c0000000,0x00000000c81f9538,0x00000000d6900000)
 Metaspace       used 81365K, capacity 87040K, committed 87384K, reserved 1126400K
  class space    used 9580K, capacity 11274K, committed 11392K, reserved 1048576K
}
Event: 83,326 GC heap before
{Heap before GC invocations=45 (full 4):
 PSYoungGen      total 236544K, used 191488K [0x00000000eab00000, 0x0000000100000000, 0x0000000100000000)
  eden space 191488K, 100% used [0x00000000eab00000,0x00000000f6600000,0x00000000f6600000)
  from space 45056K, 0% used [0x00000000fd400000,0x00000000fd400000,0x0000000100000000)
  to   space 78848K, 0% used [0x00000000f6600000,0x00000000f6600000,0x00000000fb300000)
 ParOldGen       total 369664K, used 133093K [0x00000000c0000000, 0x00000000d6900000, 0x00000000eab00000)
  object space 369664K, 36% used [0x00000000c0000000,0x00000000c81f9538,0x00000000d6900000)
 Metaspace       used 81430K, capacity 87104K, committed 87384K, reserved 1126400K
  class space    used 9583K, capacity 11274K, committed 11392K, reserved 1048576K
Event: 83,420 GC heap after
Heap after GC invocations=45 (full 4):
 PSYoungGen      total 270336K, used 19741K [0x00000000eab00000, 0x0000000100000000, 0x0000000100000000)
  eden space 191488K, 0% used [0x00000000eab00000,0x00000000eab00000,0x00000000f6600000)
  from space 78848K, 25% used [0x00000000f6600000,0x00000000f7947508,0x00000000fb300000)
  to   space 74240K, 0% used [0x00000000fb780000,0x00000000fb780000,0x0000000100000000)
 ParOldGen       total 369664K, used 133101K [0x00000000c0000000, 0x00000000d6900000, 0x00000000eab00000)
  object space 369664K, 36% used [0x00000000c0000000,0x00000000c81fb538,0x00000000d6900000)
 Metaspace       used 81430K, capacity 87104K, committed 87384K, reserved 1126400K
  class space    used 9583K, capacity 11274K, committed 11392K, reserved 1048576K
}
Event: 84,888 GC heap before
{Heap before GC invocations=46 (full 4):
 PSYoungGen      total 270336K, used 211229K [0x00000000eab00000, 0x0000000100000000, 0x0000000100000000)
  eden space 191488K, 100% used [0x00000000eab00000,0x00000000f6600000,0x00000000f6600000)
  from space 78848K, 25% used [0x00000000f6600000,0x00000000f7947508,0x00000000fb300000)
  to   space 74240K, 0% used [0x00000000fb780000,0x00000000fb780000,0x0000000100000000)
 ParOldGen       total 369664K, used 133101K [0x00000000c0000000, 0x00000000d6900000, 0x00000000eab00000)
  object space 369664K, 36% used [0x00000000c0000000,0x00000000c81fb538,0x00000000d6900000)
 Metaspace       used 81474K, capacity 87168K, committed 87384K, reserved 1126400K
  class space    used 9583K, capacity 11274K, committed 11392K, reserved 1048576K
Event: 84,988 GC heap after
Heap after GC invocations=46 (full 4):
 PSYoungGen      total 259584K, used 28655K [0x00000000eab00000, 0x00000000ff580000, 0x0000000100000000)
  eden space 196096K, 0% used [0x00000000eab00000,0x00000000eab00000,0x00000000f6a80000)
  from space 63488K, 45% used [0x00000000fb780000,0x00000000fd37bdb8,0x00000000ff580000)
  to   space 71168K, 0% used [0x00000000f6a80000,0x00000000f6a80000,0x00000000fb000000)
 ParOldGen       total 369664K, used 133101K [0x00000000c0000000, 0x00000000d6900000, 0x00000000eab00000)
  object space 369664K, 36% used [0x00000000c0000000,0x00000000c81fb538,0x00000000d6900000)
 Metaspace       used 81474K, capacity 87168K, committed 87384K, reserved 1126400K
  class space    used 9583K, capacity 11274K, committed 11392K, reserved 1048576K
}

