# JRE version: OpenJDK Runtime Environment (8.0_181-b13) (build 1.8.0_181-b13)
# Java VM: OpenJDK 64-Bit Server VM (25.181-b13 mixed mode linux-amd64 compressed oops)
Heap:
 PSYoungGen      total 314880K, used 94143K [0x00000000eab00000, 0x0000000100000000, 0x0000000100000000)
  eden space 280576K, 33% used [0x00000000eab00000,0x00000000f06efe48,0x00000000fbd00000)
  from space 34304K, 0% used [0x00000000fde80000,0x00000000fde80000,0x0000000100000000)
  to   space 34304K, 0% used [0x00000000fbd00000,0x00000000fbd00000,0x00000000fde80000)
 ParOldGen       total 218624K, used 67761K [0x00000000c0000000, 0x00000000cd580000, 0x00000000eab00000)
  object space 218624K, 30% used [0x00000000c0000000,0x00000000c422c6c0,0x00000000cd580000)
 Metaspace       used 75938K, capacity 81958K, committed 82196K, reserved 1120256K
  class space    used 9328K, capacity 11213K, committed 11324K, reserved 1048576K
GC Heap History (10 events):
Event: 122.717 GC heap before
{Heap before GC invocations=17 (full 5):
 PSYoungGen      total 312832K, used 160K [0x00000000eab00000, 0x0000000100000000, 0x0000000100000000)
  eden space 280576K, 0% used [0x00000000eab00000,0x00000000eab00000,0x00000000fbd00000)
  from space 32256K, 0% used [0x00000000fe080000,0x00000000fe0a8000,0x0000000100000000)
  to   space 34304K, 0% used [0x00000000fbd00000,0x00000000fbd00000,0x00000000fde80000)
 ParOldGen       total 218624K, used 62092K [0x00000000c0000000, 0x00000000cd580000, 0x00000000eab00000)
  object space 218624K, 28% used [0x00000000c0000000,0x00000000c3ca3250,0x00000000cd580000)
 Metaspace       used 64501K, capacity 70080K, committed 70164K, reserved 1110016K
  class space    used 7766K, capacity 9531K, committed 9532K, reserved 1048576K
Event: 122.969 GC heap after
Heap after GC invocations=17 (full 5):
 PSYoungGen      total 312832K, used 0K [0x00000000eab00000, 0x0000000100000000, 0x0000000100000000)
  eden space 280576K, 0% used [0x00000000eab00000,0x00000000eab00000,0x00000000fbd00000)
  from space 32256K, 0% used [0x00000000fe080000,0x00000000fe080000,0x0000000100000000)
  to   space 34304K, 0% used [0x00000000fbd00000,0x00000000fbd00000,0x00000000fde80000)
 ParOldGen       total 218624K, used 61336K [0x00000000c0000000, 0x00000000cd580000, 0x00000000eab00000)
  object space 218624K, 28% used [0x00000000c0000000,0x00000000c3be6180,0x00000000cd580000)
 Metaspace       used 64501K, capacity 70080K, committed 70164K, reserved 1110016K
  class space    used 7766K, capacity 9531K, committed 9532K, reserved 1048576K
}
Event: 182.716 GC heap before
{Heap before GC invocations=18 (full 5):
 PSYoungGen      total 312832K, used 105096K [0x00000000eab00000, 0x0000000100000000, 0x0000000100000000)
  eden space 280576K, 37% used [0x00000000eab00000,0x00000000f11a2338,0x00000000fbd00000)
  from space 32256K, 0% used [0x00000000fe080000,0x00000000fe080000,0x0000000100000000)
  to   space 34304K, 0% used [0x00000000fbd00000,0x00000000fbd00000,0x00000000fde80000)
 ParOldGen       total 218624K, used 61336K [0x00000000c0000000, 0x00000000cd580000, 0x00000000eab00000)
  object space 218624K, 28% used [0x00000000c0000000,0x00000000c3be6180,0x00000000cd580000)
 Metaspace       used 71936K, capacity 78076K, committed 78356K, reserved 1116160K
  class space    used 8793K, capacity 10754K, committed 10812K, reserved 1048576K
Event: 182.725 GC heap after
Heap after GC invocations=18 (full 5):
 PSYoungGen      total 314880K, used 8690K [0x00000000eab00000, 0x0000000100000000, 0x0000000100000000)
  eden space 280576K, 0% used [0x00000000eab00000,0x00000000eab00000,0x00000000fbd00000)
  from space 34304K, 25% used [0x00000000fbd00000,0x00000000fc57c960,0x00000000fde80000)
  to   space 34304K, 0% used [0x00000000fde80000,0x00000000fde80000,0x0000000100000000)
 ParOldGen       total 218624K, used 61344K [0x00000000c0000000, 0x00000000cd580000, 0x00000000eab00000)
  object space 218624K, 28% used [0x00000000c0000000,0x00000000c3be8180,0x00000000cd580000)
 Metaspace       used 71936K, capacity 78076K, committed 78356K, reserved 1116160K
  class space    used 8793K, capacity 10754K, committed 10812K, reserved 1048576K
}
Event: 182.725 GC heap before
{Heap before GC invocations=19 (full 6):
 PSYoungGen      total 314880K, used 8690K [0x00000000eab00000, 0x0000000100000000, 0x0000000100000000)
  eden space 280576K, 0% used [0x00000000eab00000,0x00000000eab00000,0x00000000fbd00000)
  from space 34304K, 25% used [0x00000000fbd00000,0x00000000fc57c960,0x00000000fde80000)
  to   space 34304K, 0% used [0x00000000fde80000,0x00000000fde80000,0x0000000100000000)
 ParOldGen       total 218624K, used 61344K [0x00000000c0000000, 0x00000000cd580000, 0x00000000eab00000)
  object space 218624K, 28% used [0x00000000c0000000,0x00000000c3be8180,0x00000000cd580000)
 Metaspace       used 71936K, capacity 78076K, committed 78356K, reserved 1116160K
  class space    used 8793K, capacity 10754K, committed 10812K, reserved 1048576K
Event: 183.128 GC heap after
Heap after GC invocations=19 (full 6):
 PSYoungGen      total 314880K, used 0K [0x00000000eab00000, 0x0000000100000000, 0x0000000100000000)
  eden space 280576K, 0% used [0x00000000eab00000,0x00000000eab00000,0x00000000fbd00000)
  from space 34304K, 0% used [0x00000000fbd00000,0x00000000fbd00000,0x00000000fde80000)
  to   space 34304K, 0% used [0x00000000fde80000,0x00000000fde80000,0x0000000100000000)
 ParOldGen       total 218624K, used 69289K [0x00000000c0000000, 0x00000000cd580000, 0x00000000eab00000)
  object space 218624K, 31% used [0x00000000c0000000,0x00000000c43aa738,0x00000000cd580000)
 Metaspace       used 71936K, capacity 78076K, committed 78356K, reserved 1116160K
  class space    used 8793K, capacity 10754K, committed 10812K, reserved 1048576K
}
Event: 246.903 GC heap before
{Heap before GC invocations=20 (full 6):
 PSYoungGen      total 314880K, used 206838K [0x00000000eab00000, 0x0000000100000000, 0x0000000100000000)
  eden space 280576K, 73% used [0x00000000eab00000,0x00000000f74fd858,0x00000000fbd00000)
  from space 34304K, 0% used [0x00000000fbd00000,0x00000000fbd00000,0x00000000fde80000)
  to   space 34304K, 0% used [0x00000000fde80000,0x00000000fde80000,0x0000000100000000)
 ParOldGen       total 218624K, used 69289K [0x00000000c0000000, 0x00000000cd580000, 0x00000000eab00000)
  object space 218624K, 31% used [0x00000000c0000000,0x00000000c43aa738,0x00000000cd580000)
 Metaspace       used 74561K, capacity 80774K, committed 80916K, reserved 1120256K
  class space    used 9141K, capacity 11053K, committed 11068K, reserved 1048576K
Event: 246.910 GC heap after
Heap after GC invocations=20 (full 6):
 PSYoungGen      total 314880K, used 5994K [0x00000000eab00000, 0x0000000100000000, 0x0000000100000000)
  eden space 280576K, 0% used [0x00000000eab00000,0x00000000eab00000,0x00000000fbd00000)
  from space 34304K, 17% used [0x00000000fde80000,0x00000000fe45aab0,0x0000000100000000)
  to   space 34304K, 0% used [0x00000000fbd00000,0x00000000fbd00000,0x00000000fde80000)
 ParOldGen       total 218624K, used 69297K [0x00000000c0000000, 0x00000000cd580000, 0x00000000eab00000)
  object space 218624K, 31% used [0x00000000c0000000,0x00000000c43ac738,0x00000000cd580000)
 Metaspace       used 74561K, capacity 80774K, committed 80916K, reserved 1120256K
  class space    used 9141K, capacity 11053K, committed 11068K, reserved 1048576K
}
Event: 246.910 GC heap before
{Heap before GC invocations=21 (full 7):
 PSYoungGen      total 314880K, used 5994K [0x00000000eab00000, 0x0000000100000000, 0x0000000100000000)
  eden space 280576K, 0% used [0x00000000eab00000,0x00000000eab00000,0x00000000fbd00000)
  from space 34304K, 17% used [0x00000000fde80000,0x00000000fe45aab0,0x0000000100000000)
  to   space 34304K, 0% used [0x00000000fbd00000,0x00000000fbd00000,0x00000000fde80000)
 ParOldGen       total 218624K, used 69297K [0x00000000c0000000, 0x00000000cd580000, 0x00000000eab00000)
  object space 218624K, 31% used [0x00000000c0000000,0x00000000c43ac738,0x00000000cd580000)
 Metaspace       used 74561K, capacity 80774K, committed 80916K, reserved 1120256K
  class space    used 9141K, capacity 11053K, committed 11068K, reserved 1048576K
Event: 247.411 GC heap after
Heap after GC invocations=21 (full 7):
 PSYoungGen      total 314880K, used 0K [0x00000000eab00000, 0x0000000100000000, 0x0000000100000000)
  eden space 280576K, 0% used [0x00000000eab00000,0x00000000eab00000,0x00000000fbd00000)
  from space 34304K, 0% used [0x00000000fde80000,0x00000000fde80000,0x0000000100000000)
  to   space 34304K, 0% used [0x00000000fbd00000,0x00000000fbd00000,0x00000000fde80000)
 ParOldGen       total 218624K, used 67761K [0x00000000c0000000, 0x00000000cd580000, 0x00000000eab00000)
  object space 218624K, 30% used [0x00000000c0000000,0x00000000c422c6c0,0x00000000cd580000)
 Metaspace       used 74561K, capacity 80774K, committed 80916K, reserved 1120256K
  class space    used 9141K, capacity 11053K, committed 11068K, reserved 1048576K
}

